  [1m[35m (2.1ms)[0m  [1m[34mSELECT sqlite_version(*)[0m
  [1m[35m (1.8ms)[0m  [1m[35mCREATE TABLE "schema_migrations" ("version" varchar NOT NULL PRIMARY KEY)[0m
  [1m[35m (1.6ms)[0m  [1m[35mCREATE TABLE "ar_internal_metadata" ("key" varchar NOT NULL PRIMARY KEY, "value" varchar, "created_at" datetime(6) NOT NULL, "updated_at" datetime(6) NOT NULL)[0m
  [1m[35m (0.1ms)[0m  [1m[34mSELECT "schema_migrations"."version" FROM "schema_migrations" ORDER BY "schema_migrations"."version" ASC[0m
Migrating to CreateCars (20200213045224)
  [1m[35m (0.0ms)[0m  [1m[36mbegin transaction[0m
  [1m[35m (0.4ms)[0m  [1m[35mCREATE TABLE "cars" ("id" integer PRIMARY KEY AUTOINCREMENT NOT NULL, "make" varchar, "model" varchar, "year" integer, "created_at" datetime(6) NOT NULL, "updated_at" datetime(6) NOT NULL)[0m
  [1m[36mprimary::SchemaMigration Create (0.1ms)[0m  [1m[32mINSERT INTO "schema_migrations" ("version") VALUES (?)[0m  [["version", "20200213045224"]]
  [1m[35m (1.2ms)[0m  [1m[36mcommit transaction[0m
  [1m[36mActiveRecord::InternalMetadata Load (0.1ms)[0m  [1m[34mSELECT "ar_internal_metadata".* FROM "ar_internal_metadata" WHERE "ar_internal_metadata"."key" = ? LIMIT ?[0m  [["key", "environment"], ["LIMIT", 1]]
  [1m[35m (0.0ms)[0m  [1m[36mbegin transaction[0m
  [1m[36mActiveRecord::InternalMetadata Create (0.3ms)[0m  [1m[32mINSERT INTO "ar_internal_metadata" ("key", "value", "created_at", "updated_at") VALUES (?, ?, ?, ?)[0m  [["key", "environment"], ["value", "development"], ["created_at", "2020-02-13 04:52:45.922699"], ["updated_at", "2020-02-13 04:52:45.922699"]]
  [1m[35m (1.2ms)[0m  [1m[36mcommit transaction[0m
  [1m[35m (0.0ms)[0m  [1m[34mSELECT sqlite_version(*)[0m
  [1m[35m (0.1ms)[0m  [1m[34mSELECT "schema_migrations"."version" FROM "schema_migrations" ORDER BY "schema_migrations"."version" ASC[0m
Started GET "/cars" for ::1 at 2020-02-13 00:03:06 -0500
  [1m[35m (1.2ms)[0m  [1m[34mSELECT sqlite_version(*)[0m
  [1m[35m (0.6ms)[0m  [1m[34mSELECT "schema_migrations"."version" FROM "schema_migrations" ORDER BY "schema_migrations"."version" ASC[0m
Processing by CarsController#index as HTML
  Rendering cars/index.html.erb within layouts/application
  [1m[36mCar Load (0.5ms)[0m  [1m[34mSELECT "cars".* FROM "cars"[0m
  ↳ app/views/cars/index.html.erb:16
  Rendered cars/index.html.erb within layouts/application (Duration: 7.6ms | Allocations: 1598)
[Webpacker] Compiling...
Started GET "/cars" for ::1 at 2020-02-13 00:03:49 -0500
  [1m[35m (0.1ms)[0m  [1m[34mSELECT sqlite_version(*)[0m
Processing by CarsController#index as HTML
  Rendering cars/index.html.erb within layouts/application
  [1m[36mCar Load (0.3ms)[0m  [1m[34mSELECT "cars".* FROM "cars"[0m
  ↳ app/views/cars/index.html.erb:16
  Rendered cars/index.html.erb within layouts/application (Duration: 1.9ms | Allocations: 632)
[Webpacker] Compiling...
[Webpacker] Compiled all packs in /Users/ajay/Documents/odin_on_rails/my_first_rails_app/public/packs
[Webpacker] Hash: 32e57f147dbdcbbf0c82
Version: webpack 4.41.6
Time: 2258ms
Built at: 02/13/2020 12:04:10 AM
                                     Asset       Size       Chunks                         Chunk Names
    js/application-bbe9c4a129ab949e0636.js    124 KiB  application  [emitted] [immutable]  application
js/application-bbe9c4a129ab949e0636.js.map    139 KiB  application  [emitted] [dev]        application
                             manifest.json  364 bytes               [emitted]              
Entrypoint application = js/application-bbe9c4a129ab949e0636.js js/application-bbe9c4a129ab949e0636.js.map
[./app/javascript/channels sync recursive _channel\.js$] ./app/javascript/channels sync _channel\.js$ 160 bytes {application} [built]
[./app/javascript/channels/index.js] 211 bytes {application} [built]
[./app/javascript/packs/application.js] 749 bytes {application} [built]
[./node_modules/webpack/buildin/module.js] (webpack)/buildin/module.js 552 bytes {application} [built]
    + 3 hidden modules

Completed 200 OK in 21784ms (Views: 21782.5ms | ActiveRecord: 0.3ms | Allocations: 5466)


[Webpacker] Compiled all packs in /Users/ajay/Documents/odin_on_rails/my_first_rails_app/public/packs
[Webpacker] Hash: 32e57f147dbdcbbf0c82
Version: webpack 4.41.6
Time: 2265ms
Built at: 02/13/2020 12:04:10 AM
                                     Asset       Size       Chunks                         Chunk Names
    js/application-bbe9c4a129ab949e0636.js    124 KiB  application  [emitted] [immutable]  application
js/application-bbe9c4a129ab949e0636.js.map    139 KiB  application  [emitted] [dev]        application
                             manifest.json  364 bytes               [emitted]              
Entrypoint application = js/application-bbe9c4a129ab949e0636.js js/application-bbe9c4a129ab949e0636.js.map
[./app/javascript/channels sync recursive _channel\.js$] ./app/javascript/channels sync _channel\.js$ 160 bytes {application} [built]
[./app/javascript/channels/index.js] 211 bytes {application} [built]
[./app/javascript/packs/application.js] 749 bytes {application} [built]
[./node_modules/webpack/buildin/module.js] (webpack)/buildin/module.js 552 bytes {application} [built]
    + 3 hidden modules

Completed 200 OK in 64613ms (Views: 64597.5ms | ActiveRecord: 0.9ms | Allocations: 36342)


Started GET "/cars" for ::1 at 2020-02-13 00:04:24 -0500
Processing by CarsController#index as HTML
  Rendering cars/index.html.erb within layouts/application
  [1m[36mCar Load (0.2ms)[0m  [1m[34mSELECT "cars".* FROM "cars"[0m
  ↳ app/views/cars/index.html.erb:16
  Rendered cars/index.html.erb within layouts/application (Duration: 1.2ms | Allocations: 611)
[Webpacker] Everything's up-to-date. Nothing to do
Completed 200 OK in 9ms (Views: 8.7ms | ActiveRecord: 0.2ms | Allocations: 4414)


Started GET "/cars/new" for ::1 at 2020-02-13 00:05:01 -0500
Processing by CarsController#new as HTML
  Rendering cars/new.html.erb within layouts/application
  Rendered cars/_form.html.erb (Duration: 63.8ms | Allocations: 9764)
  Rendered cars/new.html.erb within layouts/application (Duration: 69.7ms | Allocations: 10121)
[Webpacker] Everything's up-to-date. Nothing to do
Completed 200 OK in 100ms (Views: 78.5ms | ActiveRecord: 0.6ms | Allocations: 17713)


Started POST "/cars" for ::1 at 2020-02-13 00:05:12 -0500
Processing by CarsController#create as HTML
  Parameters: {"authenticity_token"=>"n58NzAetRkRtON1dIlcZdPo5AJJmLnn4l1O3uk7iKXL0GzfB+BSkzKLEVwoD5SSdZh/8vgCiD35dRHB/opZeCw==", "car"=>{"make"=>"Toyota", "model"=>"Camry", "year"=>"2005"}, "commit"=>"Create Car"}
  [1m[35m (0.1ms)[0m  [1m[36mbegin transaction[0m
  ↳ app/controllers/cars_controller.rb:30:in `block in create'
  [1m[36mCar Create (0.8ms)[0m  [1m[32mINSERT INTO "cars" ("make", "model", "year", "created_at", "updated_at") VALUES (?, ?, ?, ?, ?)[0m  [["make", "Toyota"], ["model", "Camry"], ["year", 2005], ["created_at", "2020-02-13 05:05:12.773692"], ["updated_at", "2020-02-13 05:05:12.773692"]]
  ↳ app/controllers/cars_controller.rb:30:in `block in create'
  [1m[35m (0.8ms)[0m  [1m[36mcommit transaction[0m
  ↳ app/controllers/cars_controller.rb:30:in `block in create'
Redirected to http://localhost:3000/cars/1
Completed 302 Found in 7ms (ActiveRecord: 1.7ms | Allocations: 2747)


Started GET "/cars/1" for ::1 at 2020-02-13 00:05:12 -0500
Processing by CarsController#show as HTML
  Parameters: {"id"=>"1"}
  [1m[36mCar Load (0.3ms)[0m  [1m[34mSELECT "cars".* FROM "cars" WHERE "cars"."id" = ? LIMIT ?[0m  [["id", 1], ["LIMIT", 1]]
  ↳ app/controllers/cars_controller.rb:67:in `set_car'
  Rendering cars/show.html.erb within layouts/application
  Rendered cars/show.html.erb within layouts/application (Duration: 1.1ms | Allocations: 294)
[Webpacker] Everything's up-to-date. Nothing to do
Completed 200 OK in 20ms (Views: 8.6ms | ActiveRecord: 0.3ms | Allocations: 5251)


Started GET "/cars" for ::1 at 2020-02-13 00:05:15 -0500
Processing by CarsController#index as HTML
  Rendering cars/index.html.erb within layouts/application
  [1m[36mCar Load (0.8ms)[0m  [1m[34mSELECT "cars".* FROM "cars"[0m
  ↳ app/views/cars/index.html.erb:16
  Rendered cars/index.html.erb within layouts/application (Duration: 5.1ms | Allocations: 746)
[Webpacker] Everything's up-to-date. Nothing to do
Completed 200 OK in 17ms (Views: 15.0ms | ActiveRecord: 0.8ms | Allocations: 4634)


Started GET "/cars/new" for ::1 at 2020-02-13 00:05:21 -0500
Processing by CarsController#new as HTML
  Rendering cars/new.html.erb within layouts/application
  Rendered cars/_form.html.erb (Duration: 5.9ms | Allocations: 902)
  Rendered cars/new.html.erb within layouts/application (Duration: 6.4ms | Allocations: 988)
[Webpacker] Everything's up-to-date. Nothing to do
Completed 200 OK in 14ms (Views: 13.1ms | ActiveRecord: 0.0ms | Allocations: 4872)


Started POST "/cars" for ::1 at 2020-02-13 00:05:31 -0500
Processing by CarsController#create as HTML
  Parameters: {"authenticity_token"=>"3HCMYJ/ULfX5lcaZidm1Gz2Y4wSDXP9nFUX2ky7AkHW39LZtYG3PfTZpTM6oa4jyob4fKOXQieHfUjFWwrTnDA==", "car"=>{"make"=>"Honda", "model"=>"Accord", "year"=>"2009"}, "commit"=>"Create Car"}
  [1m[35m (0.1ms)[0m  [1m[36mbegin transaction[0m
  ↳ app/controllers/cars_controller.rb:30:in `block in create'
  [1m[36mCar Create (0.4ms)[0m  [1m[32mINSERT INTO "cars" ("make", "model", "year", "created_at", "updated_at") VALUES (?, ?, ?, ?, ?)[0m  [["make", "Honda"], ["model", "Accord"], ["year", 2009], ["created_at", "2020-02-13 05:05:31.632810"], ["updated_at", "2020-02-13 05:05:31.632810"]]
  ↳ app/controllers/cars_controller.rb:30:in `block in create'
  [1m[35m (2.4ms)[0m  [1m[36mcommit transaction[0m
  ↳ app/controllers/cars_controller.rb:30:in `block in create'
Redirected to http://localhost:3000/cars/2
Completed 302 Found in 7ms (ActiveRecord: 2.8ms | Allocations: 2495)


Started GET "/cars/2" for ::1 at 2020-02-13 00:05:31 -0500
Processing by CarsController#show as HTML
  Parameters: {"id"=>"2"}
  [1m[36mCar Load (0.1ms)[0m  [1m[34mSELECT "cars".* FROM "cars" WHERE "cars"."id" = ? LIMIT ?[0m  [["id", 2], ["LIMIT", 1]]
  ↳ app/controllers/cars_controller.rb:67:in `set_car'
  Rendering cars/show.html.erb within layouts/application
  Rendered cars/show.html.erb within layouts/application (Duration: 0.2ms | Allocations: 87)
[Webpacker] Everything's up-to-date. Nothing to do
Completed 200 OK in 6ms (Views: 5.3ms | ActiveRecord: 0.1ms | Allocations: 4474)


Started GET "/cars" for ::1 at 2020-02-13 00:05:32 -0500
Processing by CarsController#index as HTML
  Rendering cars/index.html.erb within layouts/application
  [1m[36mCar Load (0.1ms)[0m  [1m[34mSELECT "cars".* FROM "cars"[0m
  ↳ app/views/cars/index.html.erb:16
  Rendered cars/index.html.erb within layouts/application (Duration: 4.6ms | Allocations: 861)
[Webpacker] Everything's up-to-date. Nothing to do
Completed 200 OK in 17ms (Views: 16.2ms | ActiveRecord: 0.1ms | Allocations: 4736)


